<?xml version="1.0" encoding="UTF-8"?>
<!-- Generated by org.testng.reporters.JUnitReportReporter -->
<testsuite skipped="1" hostname="DESKTOP-4HN2E6B" name="selenium.WeatherInIndianCity" tests="2" failures="0" timestamp="19 Aug 2022 04:12:17 GMT" time="6.022" errors="0">
  <testcase name="searchCity" time="6.010" classname="selenium.WeatherInIndianCity"/>
  <testcase name="temperature" time="0.012" classname="selenium.WeatherInIndianCity">
    <skipped/>
  </testcase> <!-- temperature -->
</testsuite> <!-- selenium.WeatherInIndianCity -->
