<?xml version="1.0" encoding="UTF-8"?>
<!-- Generated by org.testng.reporters.JUnitReportReporter -->
<testsuite skipped="0" hostname="DESKTOP-4HN2E6B" name="selenium.WeatherInIndianCity" tests="2" failures="0" timestamp="19 Aug 2022 06:49:47 GMT" time="4.626" errors="0">
  <testcase name="searchCity" time="3.779" classname="selenium.WeatherInIndianCity"/>
  <testcase name="temperature" time="0.847" classname="selenium.WeatherInIndianCity"/>
</testsuite> <!-- selenium.WeatherInIndianCity -->
